<?xml version="1.0" encoding="UTF-8"?>
<!-- Generated by org.testng.reporters.JUnitReportReporter -->
<testsuite skipped="0" hostname="ip-172-31-65-114" name="PageTest.testprimenumber" tests="2" failures="0" timestamp="2021-07-10T05:56:46 UTC" time="0.011" errors="0">
  <testcase name="positivetest" time="0.001" classname="PageTest.testprimenumber"/>
  <system-out/>
  <testcase name="Negativetest" time="0.010" classname="PageTest.testprimenumber"/>
  <system-out/>
</testsuite> <!-- PageTest.testprimenumber -->
