<?xml version="1.0" encoding="UTF-8"?>
<!-- Generated by org.testng.reporters.JUnitReportReporter -->
<testsuite skipped="0" hostname="ip-172-31-65-114" name="PageTest.Parallelexecution" tests="1" failures="0" timestamp="2021-07-04T07:14:48 UTC" time="5.924" errors="0">
  <testcase name="LoginPass1" time="5.924" classname="PageTest.Parallelexecution"/>
  <system-out/>
</testsuite> <!-- PageTest.Parallelexecution -->
