<?xml version="1.0" encoding="UTF-8"?>
<!-- Generated by org.testng.reporters.JUnitReportReporter -->
<testsuite skipped="0" hostname="ip-172-31-65-114" name="PageTest.LoginPagetest" tests="1" failures="0" timestamp="2021-07-04T04:08:42 UTC" time="5.194" errors="0">
  <testcase name="LoginPass" time="5.194" classname="PageTest.LoginPagetest"/>
  <system-out/>
</testsuite> <!-- PageTest.LoginPagetest -->
